This file contains any messages produced by compilers while
running configure, to aid debugging if configure makes a mistake.

It was created by configure, which was
generated by GNU Autoconf 2.69.  Invocation command line was

  $ ./configure --prefix=/usr/local

## --------- ##
## Platform. ##
## --------- ##

hostname = Iris-MacBook-2.local
uname -m = arm64
uname -r = 23.5.0
uname -s = Darwin
uname -v = Darwin Kernel Version 23.5.0: Wed May  1 20:16:51 PDT 2024; root:xnu-10063.121.3~5/RELEASE_ARM64_T8103

/usr/bin/uname -p = arm
/bin/uname -X     = unknown

/bin/arch              = unknown
/usr/bin/arch -k       = unknown
/usr/convex/getsysinfo = unknown
/usr/bin/hostinfo      = Mach kernel version:
	 Darwin Kernel Version 23.5.0: Wed May  1 20:16:51 PDT 2024; root:xnu-10063.121.3~5/RELEASE_ARM64_T8103
Kernel configured for up to 8 processors.
8 processors are physically available.
8 processors are logically available.
Processor type: arm64e (ARM64E)
Processors active: 0 1 2 3 4 5 6 7
Primary memory available: 16.00 gigabytes
Default processor set: 468 tasks, 3478 threads, 8 processors
Load average: 4.73, Mach factor: 4.26
/bin/machine           = unknown
/usr/bin/oslevel       = unknown
/bin/universe          = unknown

PATH: /usr/local/bin
PATH: /opt/homebrew/bin
PATH: /opt/homebrew/sbin
PATH: /Library/Frameworks/Python.framework/Versions/3.11/bin
PATH: /usr/local/bin
PATH: /System/Cryptexes/App/usr/bin
PATH: /usr/bin
PATH: /bin
PATH: /usr/sbin
PATH: /sbin
PATH: /var/run/com.apple.security.cryptexd/codex.system/bootstrap/usr/local/bin
PATH: /var/run/com.apple.security.cryptexd/codex.system/bootstrap/usr/bin
PATH: /var/run/com.apple.security.cryptexd/codex.system/bootstrap/usr/appleinternal/bin
PATH: /Library/Apple/usr/bin
PATH: /opt/anaconda3/bin
PATH: /opt/anaconda3/condabin
PATH: /opt/homebrew/bin
PATH: /opt/homebrew/sbin
PATH: /Library/Frameworks/Python.framework/Versions/3.11/bin
PATH: /Users/IrisTseng/.cargo/bin
PATH: /Users/IrisTseng/.cursor/extensions/ms-python.debugpy-2025.8.0-darwin-arm64/bundled/scripts/noConfigScripts


## ----------- ##
## Core tests. ##
## ----------- ##

configure:2400: checking build system type
configure:2414: result: aarch64-apple-darwin23.5.0
configure:2461: checking host system type
configure:2474: result: aarch64-apple-darwin23.5.0
configure:2494: checking target system type
configure:2507: result: aarch64-apple-darwin23.5.0
configure:2561: checking for a BSD-compatible install
configure:2629: result: /usr/bin/install -c
configure:2640: checking whether ln works
configure:2662: result: yes
configure:2666: checking whether ln -s works
configure:2670: result: yes
configure:2677: checking for a sed that does not truncate output
configure:2741: result: /usr/bin/sed
configure:2750: checking for gawk
configure:2780: result: no
configure:2750: checking for mawk
configure:2780: result: no
configure:2750: checking for nawk
configure:2780: result: no
configure:2750: checking for awk
configure:2766: found /usr/bin/awk
configure:2777: result: awk
configure:3619: checking for gdbserver support
configure:3625: result: no
configure:4222: checking for gcc
configure:4238: found /usr/bin/gcc
configure:4249: result: gcc
configure:4478: checking for C compiler version
configure:4487: gcc --version >&5
Apple clang version 15.0.0 (clang-1500.1.0.2.5)
Target: arm64-apple-darwin23.5.0
Thread model: posix
InstalledDir: /Applications/Xcode.app/Contents/Developer/Toolchains/XcodeDefault.xctoolchain/usr/bin
configure:4498: $? = 0
configure:4487: gcc -v >&5
Apple clang version 15.0.0 (clang-1500.1.0.2.5)
Target: arm64-apple-darwin23.5.0
Thread model: posix
InstalledDir: /Applications/Xcode.app/Contents/Developer/Toolchains/XcodeDefault.xctoolchain/usr/bin
configure:4498: $? = 0
configure:4487: gcc -V >&5
clang: error: argument to '-V' is missing (expected 1 value)
clang: error: no input files
configure:4498: $? = 1
configure:4487: gcc -qversion >&5
clang: error: unknown argument '-qversion'; did you mean '--version'?
clang: error: no input files
configure:4498: $? = 1
configure:4518: checking whether the C compiler works
configure:4540: gcc    conftest.c  >&5
configure:4544: $? = 0
configure:4592: result: yes
configure:4595: checking for C compiler default output file name
configure:4597: result: a.out
configure:4603: checking for suffix of executables
configure:4610: gcc -o conftest    conftest.c  >&5
configure:4614: $? = 0
configure:4636: result: 
configure:4658: checking whether we are cross compiling
configure:4666: gcc -o conftest    conftest.c  >&5
configure:4670: $? = 0
configure:4677: ./conftest
configure:4681: $? = 0
configure:4696: result: no
configure:4701: checking for suffix of object files
configure:4723: gcc -c   conftest.c >&5
configure:4727: $? = 0
configure:4748: result: o
configure:4752: checking whether we are using the GNU C compiler
configure:4771: gcc -c   conftest.c >&5
configure:4771: $? = 0
configure:4780: result: yes
configure:4789: checking whether gcc accepts -g
configure:4809: gcc -c -g  conftest.c >&5
configure:4809: $? = 0
configure:4850: result: yes
configure:4867: checking for gcc option to accept ISO C89
configure:4930: gcc  -c -g -O2  conftest.c >&5
conftest.c:15:14: warning: a function definition without a prototype is deprecated in all versions of C and is not supported in C2x [-Wdeprecated-non-prototype]
static char *e (p, i)
             ^
1 warning generated.
configure:4930: $? = 0
configure:4943: result: none needed
configure:4963: checking for gcc option to accept ISO C99
configure:5112: gcc  -c -g -O2  conftest.c >&5
configure:5112: $? = 0
configure:5125: result: none needed
configure:5198: checking for g++
configure:5214: found /usr/bin/g++
configure:5225: result: g++
configure:5252: checking for C++ compiler version
configure:5261: g++ --version >&5
Apple clang version 15.0.0 (clang-1500.1.0.2.5)
Target: arm64-apple-darwin23.5.0
Thread model: posix
InstalledDir: /Applications/Xcode.app/Contents/Developer/Toolchains/XcodeDefault.xctoolchain/usr/bin
configure:5272: $? = 0
configure:5261: g++ -v >&5
Apple clang version 15.0.0 (clang-1500.1.0.2.5)
Target: arm64-apple-darwin23.5.0
Thread model: posix
InstalledDir: /Applications/Xcode.app/Contents/Developer/Toolchains/XcodeDefault.xctoolchain/usr/bin
configure:5272: $? = 0
configure:5261: g++ -V >&5
clang: error: argument to '-V' is missing (expected 1 value)
clang: error: no input files
configure:5272: $? = 1
configure:5261: g++ -qversion >&5
clang: error: unknown argument '-qversion'; did you mean '--version'?
clang: error: no input files
configure:5272: $? = 1
configure:5276: checking whether we are using the GNU C++ compiler
configure:5295: g++ -c   conftest.cpp >&5
configure:5295: $? = 0
configure:5304: result: yes
configure:5313: checking whether g++ accepts -g
configure:5333: g++ -c -g  conftest.cpp >&5
configure:5333: $? = 0
configure:5374: result: yes
configure:5423: checking whether g++ accepts -static-libstdc++ -static-libgcc
configure:5440: g++ -o conftest -g -O2   -static-libstdc++ -static-libgcc conftest.cpp  >&5
clang: error: unsupported option '-static-libgcc'
configure:5440: $? = 1
configure: failed program was:
| /* confdefs.h */
| #define PACKAGE_NAME ""
| #define PACKAGE_TARNAME ""
| #define PACKAGE_VERSION ""
| #define PACKAGE_STRING ""
| #define PACKAGE_BUGREPORT ""
| #define PACKAGE_URL ""
| /* end confdefs.h.  */
| 
| #if (__GNUC__ < 4) || (__GNUC__ == 4 && __GNUC_MINOR__ < 5)
| #error -static-libstdc++ not implemented
| #endif
| int main() {}
configure:5444: result: no
configure:5505: checking for gnatbind
configure:5535: result: no
configure:5597: checking for gnatmake
configure:5627: result: no
configure:5646: checking whether compiler driver understands Ada and is recent enough
configure:5673: result: no
configure:5727: checking for gdc
configure:5757: result: no
configure:5776: checking whether the D compiler works
configure:5793: result: no
configure:5801: checking how to compare bootstrapped objects
configure:5826: result: cmp --ignore-initial=16 $$f1 $$f2
configure:7970: checking for objdir
configure:7985: result: .libs
configure:8155: checking for the correct version of gmp.h
configure:8174: gcc -c -g -O2   conftest.c >&5
conftest.c:10:10: fatal error: 'gmp.h' file not found
#include "gmp.h"
         ^~~~~~~
1 error generated.
configure:8174: $? = 1
configure: failed program was:
| /* confdefs.h */
| #define PACKAGE_NAME ""
| #define PACKAGE_TARNAME ""
| #define PACKAGE_VERSION ""
| #define PACKAGE_STRING ""
| #define PACKAGE_BUGREPORT ""
| #define PACKAGE_URL ""
| #define LT_OBJDIR ".libs/"
| /* end confdefs.h.  */
| #include "gmp.h"
| int
| main ()
| {
| 
|   #define GCC_GMP_VERSION_NUM(a,b,c) (((a) << 16L) | ((b) << 8) | (c))
|   #define GCC_GMP_VERSION GCC_GMP_VERSION_NUM(__GNU_MP_VERSION,__GNU_MP_VERSION_MINOR,__GNU_MP_VERSION_PATCHLEVEL)
|   #if GCC_GMP_VERSION < GCC_GMP_VERSION_NUM(4,2,3)
|   choke me
|   #endif
| 
|   ;
|   return 0;
| }
configure:8201: result: no
configure:8403: error: Building GDB requires GMP 4.2+, and MPFR 3.1.0+.
Try the --with-gmp and/or --with-mpfr options to specify
their locations.  If you obtained GMP and/or MPFR from a vendor
distribution package, make sure that you have installed both the libraries
and the header files.  They may be located in separate packages.

## ---------------- ##
## Cache variables. ##
## ---------------- ##

ac_cv_build=aarch64-apple-darwin23.5.0
ac_cv_c_compiler_gnu=yes
ac_cv_cxx_compiler_gnu=yes
ac_cv_env_AR_FOR_TARGET_set=
ac_cv_env_AR_FOR_TARGET_value=
ac_cv_env_AR_set=
ac_cv_env_AR_value=
ac_cv_env_AS_FOR_TARGET_set=
ac_cv_env_AS_FOR_TARGET_value=
ac_cv_env_AS_set=
ac_cv_env_AS_value=
ac_cv_env_CCC_set=
ac_cv_env_CCC_value=
ac_cv_env_CC_FOR_TARGET_set=
ac_cv_env_CC_FOR_TARGET_value=
ac_cv_env_CC_set=
ac_cv_env_CC_value=
ac_cv_env_CFLAGS_set=
ac_cv_env_CFLAGS_value=
ac_cv_env_CPPFLAGS_set=
ac_cv_env_CPPFLAGS_value=
ac_cv_env_CXXFLAGS_set=
ac_cv_env_CXXFLAGS_value=
ac_cv_env_CXX_FOR_TARGET_set=
ac_cv_env_CXX_FOR_TARGET_value=
ac_cv_env_CXX_set=
ac_cv_env_CXX_value=
ac_cv_env_DLLTOOL_FOR_TARGET_set=
ac_cv_env_DLLTOOL_FOR_TARGET_value=
ac_cv_env_DLLTOOL_set=
ac_cv_env_DLLTOOL_value=
ac_cv_env_DSYMUTIL_FOR_TARGET_set=
ac_cv_env_DSYMUTIL_FOR_TARGET_value=
ac_cv_env_DSYMUTIL_set=
ac_cv_env_DSYMUTIL_value=
ac_cv_env_GCC_FOR_TARGET_set=
ac_cv_env_GCC_FOR_TARGET_value=
ac_cv_env_GDC_FOR_TARGET_set=
ac_cv_env_GDC_FOR_TARGET_value=
ac_cv_env_GFORTRAN_FOR_TARGET_set=
ac_cv_env_GFORTRAN_FOR_TARGET_value=
ac_cv_env_GM2_FOR_TARGET_set=
ac_cv_env_GM2_FOR_TARGET_value=
ac_cv_env_GOC_FOR_TARGET_set=
ac_cv_env_GOC_FOR_TARGET_value=
ac_cv_env_LDFLAGS_set=
ac_cv_env_LDFLAGS_value=
ac_cv_env_LD_FOR_TARGET_set=
ac_cv_env_LD_FOR_TARGET_value=
ac_cv_env_LD_set=
ac_cv_env_LD_value=
ac_cv_env_LIBS_set=
ac_cv_env_LIBS_value=
ac_cv_env_LIPO_FOR_TARGET_set=
ac_cv_env_LIPO_FOR_TARGET_value=
ac_cv_env_LIPO_set=
ac_cv_env_LIPO_value=
ac_cv_env_NM_FOR_TARGET_set=
ac_cv_env_NM_FOR_TARGET_value=
ac_cv_env_NM_set=
ac_cv_env_NM_value=
ac_cv_env_OBJCOPY_FOR_TARGET_set=
ac_cv_env_OBJCOPY_FOR_TARGET_value=
ac_cv_env_OBJCOPY_set=
ac_cv_env_OBJCOPY_value=
ac_cv_env_OBJDUMP_FOR_TARGET_set=
ac_cv_env_OBJDUMP_FOR_TARGET_value=
ac_cv_env_OBJDUMP_set=
ac_cv_env_OBJDUMP_value=
ac_cv_env_OTOOL_FOR_TARGET_set=
ac_cv_env_OTOOL_FOR_TARGET_value=
ac_cv_env_OTOOL_set=
ac_cv_env_OTOOL_value=
ac_cv_env_RANLIB_FOR_TARGET_set=
ac_cv_env_RANLIB_FOR_TARGET_value=
ac_cv_env_RANLIB_set=
ac_cv_env_RANLIB_value=
ac_cv_env_READELF_FOR_TARGET_set=
ac_cv_env_READELF_FOR_TARGET_value=
ac_cv_env_READELF_set=
ac_cv_env_READELF_value=
ac_cv_env_STRIP_FOR_TARGET_set=
ac_cv_env_STRIP_FOR_TARGET_value=
ac_cv_env_STRIP_set=
ac_cv_env_STRIP_value=
ac_cv_env_WINDMC_FOR_TARGET_set=
ac_cv_env_WINDMC_FOR_TARGET_value=
ac_cv_env_WINDMC_set=
ac_cv_env_WINDMC_value=
ac_cv_env_WINDRES_FOR_TARGET_set=
ac_cv_env_WINDRES_FOR_TARGET_value=
ac_cv_env_WINDRES_set=
ac_cv_env_WINDRES_value=
ac_cv_env_build_alias_set=
ac_cv_env_build_alias_value=
ac_cv_env_build_configargs_set=
ac_cv_env_build_configargs_value=
ac_cv_env_host_alias_set=
ac_cv_env_host_alias_value=
ac_cv_env_host_configargs_set=
ac_cv_env_host_configargs_value=
ac_cv_env_target_alias_set=
ac_cv_env_target_alias_value=
ac_cv_env_target_configargs_set=
ac_cv_env_target_configargs_value=
ac_cv_host=aarch64-apple-darwin23.5.0
ac_cv_objext=o
ac_cv_path_SED=/usr/bin/sed
ac_cv_path_install='/usr/bin/install -c'
ac_cv_prog_AWK=awk
ac_cv_prog_ac_ct_CC=gcc
ac_cv_prog_ac_ct_CXX=g++
ac_cv_prog_cc_c89=
ac_cv_prog_cc_c99=
ac_cv_prog_cc_g=yes
ac_cv_prog_cxx_g=yes
ac_cv_target=aarch64-apple-darwin23.5.0
acx_cv_cc_gcc_supports_ada=no
acx_cv_d_compiler_works=no
acx_cv_prog_LN=ln
gcc_cv_prog_cmp_skip='cmp --ignore-initial=16 $$f1 $$f2'
lt_cv_objdir=.libs

## ----------------- ##
## Output variables. ##
## ----------------- ##

AR=''
AR_FOR_BUILD='$(AR)'
AR_FOR_TARGET=''
AR_PLUGIN_OPTION=''
AS=''
AS_FOR_BUILD='$(AS)'
AS_FOR_TARGET=''
AWK='awk'
BISON=''
BUILD_CONFIG=''
CC='gcc'
CC_FOR_BUILD='$(CC)'
CC_FOR_TARGET=''
CFLAGS='-g -O2'
CFLAGS_FOR_BUILD=''
CFLAGS_FOR_TARGET=''
COMPILER_AS_FOR_TARGET=''
COMPILER_LD_FOR_TARGET=''
COMPILER_NM_FOR_TARGET=''
CONFIGURE_GDB_TK=''
CPPFLAGS=''
CPPFLAGS_FOR_BUILD=''
CPP_FOR_BUILD=''
CXX='g++'
CXXFLAGS='-g -O2'
CXXFLAGS_FOR_BUILD=''
CXXFLAGS_FOR_TARGET=''
CXX_FOR_BUILD='$(CXX)'
CXX_FOR_TARGET=''
DEBUG_PREFIX_CFLAGS_FOR_TARGET=''
DEFS=''
DLLTOOL=''
DLLTOOL_FOR_BUILD='$(DLLTOOL)'
DLLTOOL_FOR_TARGET=''
DSYMUTIL=''
DSYMUTIL_FOR_BUILD='$(DSYMUTIL)'
DSYMUTIL_FOR_TARGET=''
ECHO_C='\c'
ECHO_N=''
ECHO_T=''
EXEEXT=''
EXPECT=''
FLAGS_FOR_TARGET=''
FLEX=''
GCC_FOR_TARGET=''
GCC_SHLIB_SUBDIR=''
GDB_TK=''
GDC='no'
GDCFLAGS=''
GDC_FOR_BUILD='$(GDC)'
GDC_FOR_TARGET=''
GFORTRAN_FOR_BUILD='$(GFORTRAN)'
GFORTRAN_FOR_TARGET=''
GM2_FOR_TARGET=''
GNATBIND='no'
GNATMAKE='no'
GOC_FOR_BUILD='$(GOC)'
GOC_FOR_TARGET=''
HAVE_CXX11=''
HAVE_CXX11_FOR_BUILD=''
INSTALL_DATA='${INSTALL} -m 644'
INSTALL_GDB_TK=''
INSTALL_PROGRAM='${INSTALL}'
INSTALL_SCRIPT='${INSTALL}'
LD='/Applications/Xcode.app/Contents/Developer/Toolchains/XcodeDefault.xctoolchain/usr/bin/ld'
LDFLAGS=''
LDFLAGS_FOR_BUILD=''
LDFLAGS_FOR_TARGET=''
LD_FOR_BUILD='$(LD)'
LD_FOR_TARGET=''
LEX=''
LIBOBJS=''
LIBS=''
LIPO=''
LIPO_FOR_TARGET=''
LN='ln'
LN_S='ln -s'
LTLIBOBJS=''
M4=''
MAINT=''
MAINTAINER_MODE_FALSE=''
MAINTAINER_MODE_TRUE=''
MAKEINFO=''
NM=''
NM_FOR_BUILD='$(NM)'
NM_FOR_TARGET=''
OBJCOPY=''
OBJCOPY_FOR_TARGET=''
OBJDUMP=''
OBJDUMP_FOR_TARGET=''
OBJEXT='o'
OTOOL=''
OTOOL_FOR_TARGET=''
PACKAGE_BUGREPORT=''
PACKAGE_NAME=''
PACKAGE_STRING=''
PACKAGE_TARNAME=''
PACKAGE_URL=''
PACKAGE_VERSION=''
PATH_SEPARATOR=':'
PGO_BUILD_GEN_CFLAGS=''
PGO_BUILD_LTO_CFLAGS=''
PGO_BUILD_USE_CFLAGS=''
PICFLAG=''
PKG_CONFIG_PATH=''
RANLIB=''
RANLIB_FOR_BUILD='$(RANLIB)'
RANLIB_FOR_TARGET=''
RANLIB_PLUGIN_OPTION=''
RAW_CXX_FOR_TARGET=''
READELF=''
READELF_FOR_TARGET=''
RPATH_ENVVAR=''
RUNTEST=''
SED='/usr/bin/sed'
SHELL='/bin/sh'
STRIP=''
STRIP_FOR_TARGET=''
SYSROOT_CFLAGS_FOR_TARGET=''
TOPLEVEL_CONFIGURE_ARGUMENTS='./configure --prefix=/usr/local'
WINDMC=''
WINDMC_FOR_BUILD='$(WINDMC)'
WINDMC_FOR_TARGET=''
WINDRES=''
WINDRES_FOR_BUILD='$(WINDRES)'
WINDRES_FOR_TARGET=''
YACC=''
ac_ct_CC='gcc'
ac_ct_CXX='g++'
bindir='${exec_prefix}/bin'
build='aarch64-apple-darwin23.5.0'
build_alias=''
build_configargs=''
build_configdirs='build-libiberty build-libcpp build-texinfo build-flex build-bison build-m4 build-fixincludes'
build_cpu='aarch64'
build_libsubdir='build-aarch64-apple-darwin23.5.0'
build_noncanonical='aarch64-apple-darwin23.5.0'
build_os='darwin23.5.0'
build_subdir='build-aarch64-apple-darwin23.5.0'
build_tooldir=''
build_vendor='apple'
compare_exclusions=''
configdirs='gettext libiberty opcodes bfd readline tcl tk itcl libgui zlib libbacktrace libcpp libcody libdecnumber gmp mpfr mpc isl libiconv libctf libsframe libgrust texinfo flex bison binutils gas ld fixincludes gcc cgen sid sim gdb gdbserver gprof etc expect dejagnu m4 utils guile fastjar gnattools libcc1 gm2tools gotools c++tools'
datadir='${datarootdir}'
datarootdir='${prefix}/share'
do_compare='cmp --ignore-initial=16 $$f1 $$f2'
docdir='${datarootdir}/doc/${PACKAGE}'
dvidir='${docdir}'
exec_prefix='NONE'
extra_host_libiberty_configure_flags=''
extra_host_zlib_configure_flags=''
extra_isl_gmp_configure_flags=''
extra_linker_plugin_configure_flags=''
extra_linker_plugin_flags=''
extra_mpc_gmp_configure_flags=''
extra_mpc_mpfr_configure_flags=''
extra_mpfr_configure_flags=''
gcc_host_pie=''
get_gcc_base_ver=''
gmpinc=''
gmplibs='-lmpfr -lgmp'
host='aarch64-apple-darwin23.5.0'
host_alias=''
host_configargs=''
host_cpu='aarch64'
host_libs_picflag=''
host_noncanonical='aarch64-apple-darwin23.5.0'
host_os='darwin23.5.0'
host_pie=''
host_shared=''
host_subdir='.'
host_vendor='apple'
htmldir='${docdir}'
includedir='${prefix}/include'
infodir='${datarootdir}/info'
islinc=''
isllibs=''
libdir='${exec_prefix}/lib'
libexecdir='${exec_prefix}/libexec'
localedir='${datarootdir}/locale'
localstatedir='${prefix}/var'
mandir='${datarootdir}/man'
oldincludedir='/usr/include'
pdfdir='${docdir}'
poststage1_ldflags=''
poststage1_libs=''
prefix='/usr/local'
program_transform_name='s,y,y,'
psdir='${docdir}'
sbindir='${exec_prefix}/sbin'
sharedstatedir='${prefix}/com'
stage1_cflags=''
stage1_checking=''
stage1_languages=''
stage1_ldflags=''
stage1_libs=''
stage2_werror_flag=''
sysconfdir='${prefix}/etc'
target='aarch64-apple-darwin23.5.0'
target_alias=''
target_configargs=''
target_configdirs='target-libgcc target-libbacktrace target-libgloss target-newlib target-libgomp target-libatomic target-libitm target-libstdc++-v3 target-libsanitizer target-libvtv target-libssp target-libquadmath target-libgfortran target-libffi target-libobjc target-libada target-libgm2 target-libgo target-libgrust target-libphobos target-zlib target-rda'
target_cpu='aarch64'
target_noncanonical='aarch64-apple-darwin23.5.0'
target_os='darwin23.5.0'
target_subdir='aarch64-apple-darwin23.5.0'
target_vendor='apple'
tooldir=''

## ------------------- ##
## File substitutions. ##
## ------------------- ##

alphaieee_frag=''
host_makefile_frag='/dev/null'
ospace_frag=''
serialization_dependencies=''
target_makefile_frag=''

## ----------- ##
## confdefs.h. ##
## ----------- ##

/* confdefs.h */
#define PACKAGE_NAME ""
#define PACKAGE_TARNAME ""
#define PACKAGE_VERSION ""
#define PACKAGE_STRING ""
#define PACKAGE_BUGREPORT ""
#define PACKAGE_URL ""
#define LT_OBJDIR ".libs/"

configure: exit 1
